<?xml version="1.0" encoding="UTF-8"?>
<robot generator="Robot 3.2.2 (Python 3.9.2 on win32)" generated="20210226 14:14:41.726" rpa="false">
<suite id="s1" name="SuiteTest PHPTRVELS" source="C:\Users\Diego Arteaga\Desktop\ROBOTFRAMEWORK\Diego Arteaga Martínez - Technical testing evaluation\SuiteTest_PHPTRVELS.robot">
<kw name="Open Browser" library="SeleniumLibrary" type="setup">
<doc>Opens a new browser instance to the optional ``url``.</doc>
<arguments>
<arg>${homePage}</arg>
<arg>${browser}</arg>
</arguments>
<msg timestamp="20210226 14:14:41.896" level="INFO">Opening browser 'Chrome' to base url 'https://www.phptravels.net/'.</msg>
<status status="PASS" starttime="20210226 14:14:41.895" endtime="20210226 14:14:46.758"></status>
</kw>
<test id="s1-t1" name="Testing Plan PHPTRAVELS">
<kw name="Flight serch">
<kw name="Maximize Browser Window" library="SeleniumLibrary">
<doc>Maximizes current browser window.</doc>
<status status="PASS" starttime="20210226 14:14:46.759" endtime="20210226 14:14:46.878"></status>
</kw>
<kw name="Wait Until Element Is Visible" library="SeleniumLibrary">
<doc>Waits until the element ``locator`` is visible.</doc>
<arguments>
<arg>xpath://*[@id="search"]/div/div/div/div/div/nav/ul/li[2]/a</arg>
</arguments>
<status status="PASS" starttime="20210226 14:14:46.879" endtime="20210226 14:14:46.947"></status>
</kw>
<kw name="Click Element" library="SeleniumLibrary">
<doc>Click the element identified by ``locator``.</doc>
<arguments>
<arg>xpath://*[@id="search"]/div/div/div/div/div/nav/ul/li[2]/a</arg>
</arguments>
<msg timestamp="20210226 14:14:46.948" level="INFO">Clicking element 'xpath://*[@id="search"]/div/div/div/div/div/nav/ul/li[2]/a'.</msg>
<status status="PASS" starttime="20210226 14:14:46.947" endtime="20210226 14:14:47.054"></status>
</kw>
<kw name="Wait Until Element Is Visible" library="SeleniumLibrary">
<doc>Waits until the element ``locator`` is visible.</doc>
<arguments>
<arg>xpath://*[@id="s2id_location_from"]/a/span[2]</arg>
</arguments>
<kw name="Capture Page Screenshot" library="SeleniumLibrary">
<doc>Takes a screenshot of the current page and embeds it into a log file.</doc>
<msg timestamp="20210226 14:14:52.758" level="INFO" html="yes">&lt;/td&gt;&lt;/tr&gt;&lt;tr&gt;&lt;td colspan="3"&gt;&lt;a href="selenium-screenshot-2.png"&gt;&lt;img src="selenium-screenshot-2.png" width="800px"&gt;&lt;/a&gt;</msg>
<status status="PASS" starttime="20210226 14:14:52.105" endtime="20210226 14:14:52.758"></status>
</kw>
<msg timestamp="20210226 14:14:52.759" level="FAIL">Element 'xpath://*[@id="s2id_location_from"]/a/span[2]' not visible after 5 seconds.</msg>
<status status="FAIL" starttime="20210226 14:14:47.055" endtime="20210226 14:14:52.759"></status>
</kw>
<status status="FAIL" starttime="20210226 14:14:46.759" endtime="20210226 14:14:52.759"></status>
</kw>
<status status="FAIL" starttime="20210226 14:14:46.758" endtime="20210226 14:14:52.760" critical="yes">Element 'xpath://*[@id="s2id_location_from"]/a/span[2]' not visible after 5 seconds.</status>
</test>
<kw name="Close Browser" library="SeleniumLibrary" type="teardown">
<doc>Closes the current browser.</doc>
<status status="PASS" starttime="20210226 14:14:52.760" endtime="20210226 14:14:54.908"></status>
</kw>
<status status="FAIL" starttime="20210226 14:14:41.727" endtime="20210226 14:14:54.908"></status>
</suite>
<statistics>
<total>
<stat pass="0" fail="1">Critical Tests</stat>
<stat pass="0" fail="1">All Tests</stat>
</total>
<tag>
</tag>
<suite>
<stat pass="0" fail="1" id="s1" name="SuiteTest PHPTRVELS">SuiteTest PHPTRVELS</stat>
</suite>
</statistics>
<errors>
</errors>
</robot>
